<?xml version="1.0" encoding="UTF-8"?>
<!-- Generated by org.testng.reporters.JUnitReportReporter -->
<testsuite skipped="0" hostname="DESKTOP-L1QV31F" name="academy.homepageTest" tests="1" failures="0" timestamp="15 Apr 2019 04:34:41 GMT" time="7.886" errors="0">
  <testcase name="navigationHomepage" time="7.886" classname="academy.homepageTest"/>
</testsuite> <!-- academy.homepageTest -->
