<?xml version="1.0" encoding="UTF-8"?>
<!-- Generated by org.testng.reporters.JUnitReportReporter -->
<testsuite skipped="0" hostname="DESKTOP-L1QV31F" name="academy.mainrun" tests="1" failures="0" timestamp="15 Apr 2019 06:33:44 GMT" time="29.908" errors="0">
  <testcase name="myrunner" time="29.908" classname="academy.mainrun"/>
</testsuite> <!-- academy.mainrun -->
