<?xml version="1.0" encoding="UTF-8"?>
<!-- Generated by org.testng.reporters.JUnitReportReporter -->
<testsuite skipped="0" hostname="DESKTOP-L1QV31F" name="academy.homepageNavigator" tests="1" failures="0" timestamp="15 Apr 2019 02:28:57 GMT" time="22.652" errors="0">
  <testcase name="navigationHomepage" time="22.652" classname="academy.homepageNavigator"/>
</testsuite> <!-- academy.homepageNavigator -->
